c:\users\quent\source\repos\appqt1\appqt1\x64\debug\uic\ui_appqt1.h
c:\users\quent\source\repos\appqt1\appqt1\x64\debug\rcc\qrc_appqt1.cpp
c:\users\quent\source\repos\appqt1\appqt1\x64\debug\moc\moc_appqt1.cpp
c:\users\quent\source\repos\appqt1\appqt1\x64\debug\appqt1.obj
c:\users\quent\source\repos\appqt1\appqt1\x64\debug\main.obj
c:\users\quent\source\repos\appqt1\appqt1\x64\debug\pile.obj
c:\users\quent\source\repos\appqt1\appqt1\x64\debug\vc143.pdb
c:\users\quent\source\repos\appqt1\appqt1\x64\debug\qrc_appqt1.obj
c:\users\quent\source\repos\appqt1\appqt1\x64\debug\moc_appqt1.obj
c:\users\quent\source\repos\appqt1\x64\debug\appqt1.exe
c:\users\quent\source\repos\appqt1\x64\debug\appqt1.ilk
c:\users\quent\source\repos\appqt1\x64\debug\appqt1.pdb
c:\users\quent\source\repos\appqt1\appqt1\x64\debug\appqt1.tlog\appqt1.write.1u.tlog
c:\users\quent\source\repos\appqt1\appqt1\x64\debug\appqt1.tlog\cl.command.1.tlog
c:\users\quent\source\repos\appqt1\appqt1\x64\debug\appqt1.tlog\cl.read.1.tlog
c:\users\quent\source\repos\appqt1\appqt1\x64\debug\appqt1.tlog\cl.write.1.tlog
c:\users\quent\source\repos\appqt1\appqt1\x64\debug\appqt1.tlog\link.command.1.tlog
c:\users\quent\source\repos\appqt1\appqt1\x64\debug\appqt1.tlog\link.read.1.tlog
c:\users\quent\source\repos\appqt1\appqt1\x64\debug\appqt1.tlog\link.write.1.tlog
c:\users\quent\source\repos\appqt1\appqt1\x64\debug\appqt1.tlog\moc.read.1u.tlog
c:\users\quent\source\repos\appqt1\appqt1\x64\debug\appqt1.tlog\moc.write.1u.tlog
c:\users\quent\source\repos\appqt1\appqt1\x64\debug\appqt1.tlog\rcc.read.1u.tlog
c:\users\quent\source\repos\appqt1\appqt1\x64\debug\appqt1.tlog\rcc.write.1u.tlog
c:\users\quent\source\repos\appqt1\appqt1\x64\debug\appqt1.tlog\uic.read.1u.tlog
c:\users\quent\source\repos\appqt1\appqt1\x64\debug\appqt1.tlog\uic.write.1u.tlog
